<?xml version="1.0" encoding="UTF-8"?>
<testsuite xmlns:xsi="http://www.w3.org/2001/XMLSchema-instance" xsi:noNamespaceSchemaLocation="https://maven.apache.org/surefire/maven-surefire-plugin/xsd/surefire-test-report-3.0.xsd" version="3.0" name="TestSuite" time="17.455" tests="2" errors="0" skipped="0" failures="0">
  <properties>
[...]
</properties>
  <testcase name="testLinks" classname="CrossBrowserTesting" time="11.096">
    <system-out><![CDATA[OUR PLANET
Out of this world pictures from the past week
Feast your eyes on these powerful news images from across the globe
Attribution
In Pictures
https://www.bbc.co.uk/
]]></system-out>
    <system-err><![CDATA[Jul 22, 2023 4:12:11 PM org.openqa.selenium.remote.service.DriverService$Builder getLogOutput
INFO: Driver logs no longer sent to console by default; https://www.selenium.dev/documentation/webdriver/drivers/service/#setting-log-output
SLF4J: Failed to load class "org.slf4j.impl.StaticLoggerBinder".
SLF4J: Defaulting to no-operation (NOP) logger implementation
SLF4J: See http://www.slf4j.org/codes.html#StaticLoggerBinder for further details.
]]></system-err>
  </testcase>
  <testcase name="testLinks" classname="CrossBrowserTesting" time="1.599">
    <system-out><![CDATA[OUR PLANET
Out of this world pictures from the past week
Feast your eyes on these powerful news images from across the globe
Attribution
In Pictures
https://www.bbc.co.uk/
]]></system-out>
    <system-err><![CDATA[Jul 22, 2023 4:12:24 PM org.openqa.selenium.remote.service.DriverService$Builder getLogOutput
INFO: Driver logs no longer sent to console by default; https://www.selenium.dev/documentation/webdriver/drivers/service/#setting-log-output
]]></system-err>
  </testcase>
</testsuite>