<?xml version="1.0" encoding="UTF-8"?>
<testng-results ignored="0" total="2" passed="2" failed="0" skipped="0">
  <reporter-output>
  </reporter-output>
  <suite started-at="2023-07-22T16:12:11 BST" name="Suite" finished-at="2023-07-22T16:12:28 BST" duration-ms="16908">
    <groups>
    </groups>
    <test started-at="2023-07-22T16:12:11 BST" name="Chrome Test" finished-at="2023-07-22T16:12:24 BST" duration-ms="13709">
      <class name="CrossBrowserTesting">
        <test-method is-config="true" signature="setUp(java.lang.String)[pri:0, instance:CrossBrowserTesting@2e1d27ba]" started-at="2023-07-22T16:12:11 BST" name="setUp" finished-at="2023-07-22T16:12:13 BST" duration-ms="2443" status="PASS">
          <params>
            <param index="0">
              <value>
                <![CDATA[chrome]]>
              </value>
            </param>
          </params>
          <reporter-output>
          </reporter-output>
        </test-method> <!-- setUp -->
        <test-method signature="testLinks()[pri:0, instance:CrossBrowserTesting@2e1d27ba]" started-at="2023-07-22T16:12:13 BST" name="testLinks" finished-at="2023-07-22T16:12:24 BST" duration-ms="11096" status="PASS">
          <reporter-output>
          </reporter-output>
        </test-method> <!-- testLinks -->
        <test-method is-config="true" signature="tearDown()[pri:0, instance:CrossBrowserTesting@2e1d27ba]" started-at="2023-07-22T16:12:24 BST" name="tearDown" finished-at="2023-07-22T16:12:24 BST" duration-ms="128" status="PASS">
          <reporter-output>
          </reporter-output>
        </test-method> <!-- tearDown -->
      </class> <!-- CrossBrowserTesting -->
    </test> <!-- Chrome Test -->
    <test started-at="2023-07-22T16:12:24 BST" name="Egde Test" finished-at="2023-07-22T16:12:28 BST" duration-ms="3148">
      <class name="CrossBrowserTesting">
        <test-method is-config="true" signature="setUp(java.lang.String)[pri:0, instance:CrossBrowserTesting@140c9f39]" started-at="2023-07-22T16:12:24 BST" name="setUp" finished-at="2023-07-22T16:12:26 BST" duration-ms="1385" status="PASS">
          <params>
            <param index="0">
              <value>
                <![CDATA[edge]]>
              </value>
            </param>
          </params>
          <reporter-output>
          </reporter-output>
        </test-method> <!-- setUp -->
        <test-method signature="testLinks()[pri:0, instance:CrossBrowserTesting@140c9f39]" started-at="2023-07-22T16:12:26 BST" name="testLinks" finished-at="2023-07-22T16:12:27 BST" duration-ms="1599" status="PASS">
          <reporter-output>
          </reporter-output>
        </test-method> <!-- testLinks -->
        <test-method is-config="true" signature="tearDown()[pri:0, instance:CrossBrowserTesting@140c9f39]" started-at="2023-07-22T16:12:27 BST" name="tearDown" finished-at="2023-07-22T16:12:28 BST" duration-ms="163" status="PASS">
          <reporter-output>
          </reporter-output>
        </test-method> <!-- tearDown -->
      </class> <!-- CrossBrowserTesting -->
    </test> <!-- Egde Test -->
  </suite> <!-- Suite -->
</testng-results>
