<?xml version="1.0" encoding="UTF-8"?>
<testng-results ignored="0" total="2" passed="2" failed="0" skipped="0">
  <reporter-output>
  </reporter-output>
  <suite started-at="2023-07-22T08:56:28 BST" name="Suite" finished-at="2023-07-22T08:56:37 BST" duration-ms="8312">
    <groups>
    </groups>
    <test started-at="2023-07-22T08:56:28 BST" name="Chrome Test" finished-at="2023-07-22T08:56:33 BST" duration-ms="4585">
      <class name="CrossBrowserTesting">
        <test-method is-config="true" signature="setUp(java.lang.String)[pri:0, instance:CrossBrowserTesting@5e0e82ae]" started-at="2023-07-22T08:56:28 BST" name="setUp" finished-at="2023-07-22T08:56:31 BST" duration-ms="2525" status="PASS">
          <params>
            <param index="0">
              <value>
                <![CDATA[chrome]]>
              </value>
            </param>
          </params>
          <reporter-output>
          </reporter-output>
        </test-method> <!-- setUp -->
        <test-method signature="testLinks()[pri:0, instance:CrossBrowserTesting@5e0e82ae]" started-at="2023-07-22T08:56:31 BST" name="testLinks" finished-at="2023-07-22T08:56:33 BST" duration-ms="1875" status="PASS">
          <reporter-output>
          </reporter-output>
        </test-method> <!-- testLinks -->
        <test-method is-config="true" signature="tearDown()[pri:0, instance:CrossBrowserTesting@5e0e82ae]" started-at="2023-07-22T08:56:33 BST" name="tearDown" finished-at="2023-07-22T08:56:33 BST" duration-ms="142" status="PASS">
          <reporter-output>
          </reporter-output>
        </test-method> <!-- tearDown -->
      </class> <!-- CrossBrowserTesting -->
    </test> <!-- Chrome Test -->
    <test started-at="2023-07-22T08:56:33 BST" name="Egde Test" finished-at="2023-07-22T08:56:37 BST" duration-ms="3678">
      <class name="CrossBrowserTesting">
        <test-method is-config="true" signature="setUp(java.lang.String)[pri:0, instance:CrossBrowserTesting@7586beff]" started-at="2023-07-22T08:56:33 BST" name="setUp" finished-at="2023-07-22T08:56:34 BST" duration-ms="1236" status="PASS">
          <params>
            <param index="0">
              <value>
                <![CDATA[edge]]>
              </value>
            </param>
          </params>
          <reporter-output>
          </reporter-output>
        </test-method> <!-- setUp -->
        <test-method signature="testLinks()[pri:0, instance:CrossBrowserTesting@7586beff]" started-at="2023-07-22T08:56:34 BST" name="testLinks" finished-at="2023-07-22T08:56:36 BST" duration-ms="2200" status="PASS">
          <reporter-output>
          </reporter-output>
        </test-method> <!-- testLinks -->
        <test-method is-config="true" signature="tearDown()[pri:0, instance:CrossBrowserTesting@7586beff]" started-at="2023-07-22T08:56:36 BST" name="tearDown" finished-at="2023-07-22T08:56:37 BST" duration-ms="242" status="PASS">
          <reporter-output>
          </reporter-output>
        </test-method> <!-- tearDown -->
      </class> <!-- CrossBrowserTesting -->
    </test> <!-- Egde Test -->
  </suite> <!-- Suite -->
</testng-results>
